2025-08-15 20:00:57 [restartedMain] INFO  c.fitplanpro.FitplanproApplication - Starting FitplanproApplication using Java 21.0.6 with PID 24708 (C:\Users\amghar\OneDrive\Desktop\fitplans\fitplanpro\target\classes started by amghar in C:\Users\amghar\OneDrive\Desktop\fitplans\fitplanpro)
2025-08-15 20:00:57 [restartedMain] DEBUG c.fitplanpro.FitplanproApplication - Running with Spring Boot v3.5.4, Spring v6.2.9
2025-08-15 20:00:57 [restartedMain] INFO  c.fitplanpro.FitplanproApplication - No active profile set, falling back to 1 default profile: "default"
2025-08-15 20:00:57 [restartedMain] INFO  o.s.b.d.e.DevToolsPropertyDefaultsPostProcessor - Devtools property defaults active! Set 'spring.devtools.add-properties' to 'false' to disable
2025-08-15 20:00:57 [restartedMain] INFO  o.s.b.d.e.DevToolsPropertyDefaultsPostProcessor - For additional web related logging consider setting the 'logging.level.web' property to 'DEBUG'
2025-08-15 20:00:58 [restartedMain] INFO  o.s.d.r.c.RepositoryConfigurationDelegate - Multiple Spring Data modules found, entering strict repository configuration mode
2025-08-15 20:00:58 [restartedMain] INFO  o.s.d.r.c.RepositoryConfigurationDelegate - Bootstrapping Spring Data JPA repositories in DEFAULT mode.
2025-08-15 20:00:59 [restartedMain] INFO  o.s.d.r.c.RepositoryConfigurationDelegate - Finished Spring Data repository scanning in 138 ms. Found 12 JPA repository interfaces.
2025-08-15 20:00:59 [restartedMain] INFO  o.s.d.r.c.RepositoryConfigurationDelegate - Multiple Spring Data modules found, entering strict repository configuration mode
2025-08-15 20:00:59 [restartedMain] INFO  o.s.d.r.c.RepositoryConfigurationDelegate - Bootstrapping Spring Data Redis repositories in DEFAULT mode.
2025-08-15 20:00:59 [restartedMain] INFO  o.s.d.r.c.RepositoryConfigurationExtensionSupport - Spring Data Redis - Could not safely identify store assignment for repository candidate interface com.fitplanpro.repository.AchievementTypeRepository; If you want this repository to be a Redis repository, consider annotating your entities with one of these annotations: org.springframework.data.redis.core.RedisHash (preferred), or consider extending one of the following types with your repository: org.springframework.data.keyvalue.repository.KeyValueRepository
2025-08-15 20:00:59 [restartedMain] INFO  o.s.d.r.c.RepositoryConfigurationExtensionSupport - Spring Data Redis - Could not safely identify store assignment for repository candidate interface com.fitplanpro.repository.AIPromptTemplateRepository; If you want this repository to be a Redis repository, consider annotating your entities with one of these annotations: org.springframework.data.redis.core.RedisHash (preferred), or consider extending one of the following types with your repository: org.springframework.data.keyvalue.repository.KeyValueRepository
2025-08-15 20:00:59 [restartedMain] INFO  o.s.d.r.c.RepositoryConfigurationExtensionSupport - Spring Data Redis - Could not safely identify store assignment for repository candidate interface com.fitplanpro.repository.BodyMeasurementRepository; If you want this repository to be a Redis repository, consider annotating your entities with one of these annotations: org.springframework.data.redis.core.RedisHash (preferred), or consider extending one of the following types with your repository: org.springframework.data.keyvalue.repository.KeyValueRepository
2025-08-15 20:00:59 [restartedMain] INFO  o.s.d.r.c.RepositoryConfigurationExtensionSupport - Spring Data Redis - Could not safely identify store assignment for repository candidate interface com.fitplanpro.repository.ExerciseRepository; If you want this repository to be a Redis repository, consider annotating your entities with one of these annotations: org.springframework.data.redis.core.RedisHash (preferred), or consider extending one of the following types with your repository: org.springframework.data.keyvalue.repository.KeyValueRepository
2025-08-15 20:00:59 [restartedMain] INFO  o.s.d.r.c.RepositoryConfigurationExtensionSupport - Spring Data Redis - Could not safely identify store assignment for repository candidate interface com.fitplanpro.repository.FoodDatabaseRepository; If you want this repository to be a Redis repository, consider annotating your entities with one of these annotations: org.springframework.data.redis.core.RedisHash (preferred), or consider extending one of the following types with your repository: org.springframework.data.keyvalue.repository.KeyValueRepository
2025-08-15 20:00:59 [restartedMain] INFO  o.s.d.r.c.RepositoryConfigurationExtensionSupport - Spring Data Redis - Could not safely identify store assignment for repository candidate interface com.fitplanpro.repository.PlanRepository; If you want this repository to be a Redis repository, consider annotating your entities with one of these annotations: org.springframework.data.redis.core.RedisHash (preferred), or consider extending one of the following types with your repository: org.springframework.data.keyvalue.repository.KeyValueRepository
2025-08-15 20:00:59 [restartedMain] INFO  o.s.d.r.c.RepositoryConfigurationExtensionSupport - Spring Data Redis - Could not safely identify store assignment for repository candidate interface com.fitplanpro.repository.ProgressPhotoRepository; If you want this repository to be a Redis repository, consider annotating your entities with one of these annotations: org.springframework.data.redis.core.RedisHash (preferred), or consider extending one of the following types with your repository: org.springframework.data.keyvalue.repository.KeyValueRepository
2025-08-15 20:00:59 [restartedMain] INFO  o.s.d.r.c.RepositoryConfigurationExtensionSupport - Spring Data Redis - Could not safely identify store assignment for repository candidate interface com.fitplanpro.repository.TrackingRepository; If you want this repository to be a Redis repository, consider annotating your entities with one of these annotations: org.springframework.data.redis.core.RedisHash (preferred), or consider extending one of the following types with your repository: org.springframework.data.keyvalue.repository.KeyValueRepository
2025-08-15 20:00:59 [restartedMain] INFO  o.s.d.r.c.RepositoryConfigurationExtensionSupport - Spring Data Redis - Could not safely identify store assignment for repository candidate interface com.fitplanpro.repository.UserAchievementRepository; If you want this repository to be a Redis repository, consider annotating your entities with one of these annotations: org.springframework.data.redis.core.RedisHash (preferred), or consider extending one of the following types with your repository: org.springframework.data.keyvalue.repository.KeyValueRepository
2025-08-15 20:00:59 [restartedMain] INFO  o.s.d.r.c.RepositoryConfigurationExtensionSupport - Spring Data Redis - Could not safely identify store assignment for repository candidate interface com.fitplanpro.repository.UserProfileRepository; If you want this repository to be a Redis repository, consider annotating your entities with one of these annotations: org.springframework.data.redis.core.RedisHash (preferred), or consider extending one of the following types with your repository: org.springframework.data.keyvalue.repository.KeyValueRepository
2025-08-15 20:00:59 [restartedMain] INFO  o.s.d.r.c.RepositoryConfigurationExtensionSupport - Spring Data Redis - Could not safely identify store assignment for repository candidate interface com.fitplanpro.repository.UserRepository; If you want this repository to be a Redis repository, consider annotating your entities with one of these annotations: org.springframework.data.redis.core.RedisHash (preferred), or consider extending one of the following types with your repository: org.springframework.data.keyvalue.repository.KeyValueRepository
2025-08-15 20:00:59 [restartedMain] INFO  o.s.d.r.c.RepositoryConfigurationExtensionSupport - Spring Data Redis - Could not safely identify store assignment for repository candidate interface com.fitplanpro.repository.WorkoutHistoryRepository; If you want this repository to be a Redis repository, consider annotating your entities with one of these annotations: org.springframework.data.redis.core.RedisHash (preferred), or consider extending one of the following types with your repository: org.springframework.data.keyvalue.repository.KeyValueRepository
2025-08-15 20:00:59 [restartedMain] INFO  o.s.d.r.c.RepositoryConfigurationDelegate - Finished Spring Data repository scanning in 8 ms. Found 0 Redis repository interfaces.
2025-08-15 20:00:59 [restartedMain] INFO  o.s.b.w.e.tomcat.TomcatWebServer - Tomcat initialized with port 8080 (http)
2025-08-15 20:00:59 [restartedMain] INFO  o.a.catalina.core.StandardService - Starting service [Tomcat]
2025-08-15 20:00:59 [restartedMain] INFO  o.a.catalina.core.StandardEngine - Starting Servlet engine: [Apache Tomcat/10.1.43]
2025-08-15 20:00:59 [restartedMain] INFO  o.a.c.c.C.[.[localhost].[/api] - Initializing Spring embedded WebApplicationContext
2025-08-15 20:00:59 [restartedMain] INFO  o.s.b.w.s.c.ServletWebServerApplicationContext - Root WebApplicationContext: initialization completed in 2333 ms
2025-08-15 20:01:00 [restartedMain] INFO  com.zaxxer.hikari.HikariDataSource - HikariPool-1 - Starting...
2025-08-15 20:01:00 [restartedMain] INFO  com.zaxxer.hikari.pool.HikariPool - HikariPool-1 - Added connection org.postgresql.jdbc.PgConnection@31ef71b7
2025-08-15 20:01:00 [restartedMain] INFO  com.zaxxer.hikari.HikariDataSource - HikariPool-1 - Start completed.
2025-08-15 20:01:00 [restartedMain] INFO  liquibase.changelog - Creating database history table with name: public.databasechangelog
2025-08-15 20:01:00 [restartedMain] INFO  liquibase.changelog - Reading from public.databasechangelog
2025-08-15 20:01:00 [restartedMain] INFO  liquibase.snapshot - Creating snapshot
2025-08-15 20:01:00 [restartedMain] INFO  liquibase.lockservice - Successfully acquired change log lock
2025-08-15 20:01:00 [restartedMain] INFO  liquibase.command - Using deploymentId: 5284459981
2025-08-15 20:01:00 [restartedMain] INFO  liquibase.changelog - Reading from public.databasechangelog
2025-08-15 20:01:00 [restartedMain] INFO  liquibase.ui - Running Changeset: db/changelog/001-create-table.xml::1::fitplanpro
2025-08-15 20:01:00 [restartedMain] INFO  liquibase.changelog - Table users created
2025-08-15 20:01:00 [restartedMain] INFO  liquibase.changelog - Table user_profiles created
2025-08-15 20:01:00 [restartedMain] INFO  liquibase.changelog - Table plans created
2025-08-15 20:01:00 [restartedMain] INFO  liquibase.changelog - Table tracking created
2025-08-15 20:01:00 [restartedMain] INFO  liquibase.changelog - Index idx_user_email created
2025-08-15 20:01:00 [restartedMain] INFO  liquibase.changelog - Index idx_user_profile_user_id created
2025-08-15 20:01:00 [restartedMain] INFO  liquibase.changelog - Index idx_user_profile_hash created
2025-08-15 20:01:00 [restartedMain] INFO  liquibase.changelog - Index idx_plan_profile_hash created
2025-08-15 20:01:00 [restartedMain] INFO  liquibase.changelog - Index idx_tracking_user_date created
2025-08-15 20:01:00 [restartedMain] INFO  liquibase.changelog - ChangeSet db/changelog/001-create-table.xml::1::fitplanpro ran successfully in 100ms
2025-08-15 20:01:00 [restartedMain] INFO  liquibase.ui - Running Changeset: db/changelog/001-create-table.xml::2::fitplanpro
2025-08-15 20:01:00 [restartedMain] INFO  liquibase.changelog - Table food_database created
2025-08-15 20:01:00 [restartedMain] INFO  liquibase.changelog - Table exercise created
2025-08-15 20:01:00 [restartedMain] INFO  liquibase.changelog - Table ai_prompt_templates created
2025-08-15 20:01:00 [restartedMain] INFO  liquibase.changelog - Index idx_food_name_culture created
2025-08-15 20:01:00 [restartedMain] INFO  liquibase.changelog - Index idx_exercise_name created
2025-08-15 20:01:00 [restartedMain] INFO  liquibase.changelog - Index idx_exercise_muscle_equipment created
2025-08-15 20:01:00 [restartedMain] INFO  liquibase.changelog - Index idx_prompt_template_name created
2025-08-15 20:01:00 [restartedMain] INFO  liquibase.changelog - ChangeSet db/changelog/001-create-table.xml::2::fitplanpro ran successfully in 55ms
2025-08-15 20:01:00 [restartedMain] INFO  liquibase.ui - Running Changeset: db/changelog/001-create-table.xml::3::fitplanpro
2025-08-15 20:01:00 [restartedMain] INFO  liquibase.changelog - Table achievement_types created
2025-08-15 20:01:00 [restartedMain] INFO  liquibase.changelog - Table user_achievements created
2025-08-15 20:01:00 [restartedMain] INFO  liquibase.changelog - Index idx_user_achievements created
2025-08-15 20:01:00 [restartedMain] INFO  liquibase.changelog - ChangeSet db/changelog/001-create-table.xml::3::fitplanpro ran successfully in 29ms
2025-08-15 20:01:00 [restartedMain] INFO  liquibase.ui - Running Changeset: db/changelog/001-create-table.xml::4::fitplanpro
2025-08-15 20:01:00 [restartedMain] INFO  liquibase.changelog - Table body_measurements created
2025-08-15 20:01:00 [restartedMain] INFO  liquibase.changelog - Table progress_photos created
2025-08-15 20:01:00 [restartedMain] INFO  liquibase.changelog - Table workout_history created
2025-08-15 20:01:00 [restartedMain] INFO  liquibase.changelog - Index idx_body_measurements_user_date created
2025-08-15 20:01:01 [restartedMain] INFO  liquibase.changelog - Index idx_progress_photos_user_date created
2025-08-15 20:01:01 [restartedMain] INFO  liquibase.changelog - Index idx_workout_history_user_date created
2025-08-15 20:01:01 [restartedMain] INFO  liquibase.changelog - ChangeSet db/changelog/001-create-table.xml::4::fitplanpro ran successfully in 46ms
2025-08-15 20:01:01 [restartedMain] INFO  liquibase.util - UPDATE SUMMARY
2025-08-15 20:01:01 [restartedMain] INFO  liquibase.util - Run:                          4
2025-08-15 20:01:01 [restartedMain] INFO  liquibase.util - Previously run:               0
2025-08-15 20:01:01 [restartedMain] INFO  liquibase.util - Filtered out:                 0
2025-08-15 20:01:01 [restartedMain] INFO  liquibase.util - -------------------------------
2025-08-15 20:01:01 [restartedMain] INFO  liquibase.util - Total change sets:            4
2025-08-15 20:01:01 [restartedMain] INFO  liquibase.util - Update summary generated
2025-08-15 20:01:01 [restartedMain] INFO  liquibase.command - Update command completed successfully.
2025-08-15 20:01:01 [restartedMain] INFO  liquibase.ui - Liquibase: Update has been successful. Rows affected: 4
2025-08-15 20:01:01 [restartedMain] INFO  liquibase.lockservice - Successfully released change log lock
2025-08-15 20:01:01 [restartedMain] INFO  liquibase.command - Command execution complete
2025-08-15 20:01:02 [restartedMain] INFO  o.h.jpa.internal.util.LogHelper - HHH000204: Processing PersistenceUnitInfo [name: default]
2025-08-15 20:01:02 [restartedMain] INFO  org.hibernate.Version - HHH000412: Hibernate ORM core version 6.6.22.Final
2025-08-15 20:01:02 [restartedMain] INFO  o.h.c.i.RegionFactoryInitiator - HHH000026: Second-level cache disabled
2025-08-15 20:01:02 [restartedMain] INFO  o.s.o.j.p.SpringPersistenceUnitInfo - No LoadTimeWeaver setup: ignoring JPA class transformer
2025-08-15 20:01:03 [restartedMain] WARN  org.hibernate.orm.deprecation - HHH90000025: PostgreSQLDialect does not need to be specified explicitly using 'hibernate.dialect' (remove the property setting and it will be selected by default)
2025-08-15 20:01:03 [restartedMain] INFO  o.hibernate.orm.connections.pooling - HHH10001005: Database info:
	Database JDBC URL [Connecting through datasource 'HikariDataSource (HikariPool-1)']
	Database driver: undefined/unknown
	Database version: 15.13
	Autocommit mode: undefined/unknown
	Isolation level: undefined/unknown
	Minimum pool size: undefined/unknown
	Maximum pool size: undefined/unknown
2025-08-15 20:01:03 [restartedMain] INFO  o.h.e.t.j.p.i.JtaPlatformInitiator - HHH000489: No JTA platform available (set 'hibernate.transaction.jta.platform' to enable JTA platform integration)
2025-08-15 20:01:03 [restartedMain] INFO  o.s.o.j.LocalContainerEntityManagerFactoryBean - Initialized JPA EntityManagerFactory for persistence unit 'default'
2025-08-15 20:01:03 [restartedMain] WARN  o.s.b.w.s.c.AnnotationConfigServletWebServerApplicationContext - Exception encountered during context initialization - cancelling refresh attempt: org.springframework.beans.factory.BeanCreationException: Error creating bean with name 'redisConfig': Injection of autowired dependencies failed
2025-08-15 20:01:03 [restartedMain] INFO  o.s.o.j.LocalContainerEntityManagerFactoryBean - Closing JPA EntityManagerFactory for persistence unit 'default'
2025-08-15 20:01:03 [restartedMain] INFO  com.zaxxer.hikari.HikariDataSource - HikariPool-1 - Shutdown initiated...
2025-08-15 20:01:03 [restartedMain] INFO  com.zaxxer.hikari.HikariDataSource - HikariPool-1 - Shutdown completed.
2025-08-15 20:01:03 [restartedMain] INFO  o.a.catalina.core.StandardService - Stopping service [Tomcat]
2025-08-15 20:01:03 [restartedMain] INFO  o.s.b.a.l.ConditionEvaluationReportLogger - 

Error starting ApplicationContext. To display the condition evaluation report re-run your application with 'debug' enabled.
2025-08-15 20:01:03 [restartedMain] ERROR o.s.boot.SpringApplication - Application run failed
org.springframework.beans.factory.BeanCreationException: Error creating bean with name 'redisConfig': Injection of autowired dependencies failed
	at org.springframework.beans.factory.annotation.AutowiredAnnotationBeanPostProcessor.postProcessProperties(AutowiredAnnotationBeanPostProcessor.java:515)
	at org.springframework.beans.factory.support.AbstractAutowireCapableBeanFactory.populateBean(AbstractAutowireCapableBeanFactory.java:1459)
	at org.springframework.beans.factory.support.AbstractAutowireCapableBeanFactory.doCreateBean(AbstractAutowireCapableBeanFactory.java:606)
	at org.springframework.beans.factory.support.AbstractAutowireCapableBeanFactory.createBean(AbstractAutowireCapableBeanFactory.java:529)
	at org.springframework.beans.factory.support.AbstractBeanFactory.lambda$doGetBean$0(AbstractBeanFactory.java:339)
	at org.springframework.beans.factory.support.DefaultSingletonBeanRegistry.getSingleton(DefaultSingletonBeanRegistry.java:373)
	at org.springframework.beans.factory.support.AbstractBeanFactory.doGetBean(AbstractBeanFactory.java:337)
	at org.springframework.beans.factory.support.AbstractBeanFactory.getBean(AbstractBeanFactory.java:202)
	at org.springframework.beans.factory.support.DefaultListableBeanFactory.instantiateSingleton(DefaultListableBeanFactory.java:1222)
	at org.springframework.beans.factory.support.DefaultListableBeanFactory.preInstantiateSingleton(DefaultListableBeanFactory.java:1188)
	at org.springframework.beans.factory.support.DefaultListableBeanFactory.preInstantiateSingletons(DefaultListableBeanFactory.java:1123)
	at org.springframework.context.support.AbstractApplicationContext.finishBeanFactoryInitialization(AbstractApplicationContext.java:987)
	at org.springframework.context.support.AbstractApplicationContext.refresh(AbstractApplicationContext.java:627)
	at org.springframework.boot.web.servlet.context.ServletWebServerApplicationContext.refresh(ServletWebServerApplicationContext.java:146)
	at org.springframework.boot.SpringApplication.refresh(SpringApplication.java:752)
	at org.springframework.boot.SpringApplication.refreshContext(SpringApplication.java:439)
	at org.springframework.boot.SpringApplication.run(SpringApplication.java:318)
	at org.springframework.boot.SpringApplication.run(SpringApplication.java:1361)
	at org.springframework.boot.SpringApplication.run(SpringApplication.java:1350)
	at com.fitplanpro.FitplanproApplication.main(FitplanproApplication.java:18)
	at java.base/jdk.internal.reflect.DirectMethodHandleAccessor.invoke(DirectMethodHandleAccessor.java:103)
	at java.base/java.lang.reflect.Method.invoke(Method.java:580)
	at org.springframework.boot.devtools.restart.RestartLauncher.run(RestartLauncher.java:50)
Caused by: org.springframework.util.PlaceholderResolutionException: Could not resolve placeholder 'spring.redis.host' in value "${spring.redis.host}"
	at org.springframework.util.PlaceholderResolutionException.withValue(PlaceholderResolutionException.java:81)
	at org.springframework.util.PlaceholderParser$ParsedValue.resolve(PlaceholderParser.java:423)
	at org.springframework.util.PlaceholderParser.replacePlaceholders(PlaceholderParser.java:128)
	at org.springframework.util.PropertyPlaceholderHelper.parseStringValue(PropertyPlaceholderHelper.java:118)
	at org.springframework.util.PropertyPlaceholderHelper.replacePlaceholders(PropertyPlaceholderHelper.java:114)
	at org.springframework.core.env.AbstractPropertyResolver.doResolvePlaceholders(AbstractPropertyResolver.java:293)
	at org.springframework.core.env.AbstractPropertyResolver.resolveRequiredPlaceholders(AbstractPropertyResolver.java:264)
	at org.springframework.context.support.PropertySourcesPlaceholderConfigurer.lambda$processProperties$0(PropertySourcesPlaceholderConfigurer.java:186)
	at org.springframework.beans.factory.support.AbstractBeanFactory.resolveEmbeddedValue(AbstractBeanFactory.java:971)
	at org.springframework.beans.factory.support.DefaultListableBeanFactory.doResolveDependency(DefaultListableBeanFactory.java:1650)
	at org.springframework.beans.factory.support.DefaultListableBeanFactory.resolveDependency(DefaultListableBeanFactory.java:1628)
	at org.springframework.beans.factory.annotation.AutowiredAnnotationBeanPostProcessor$AutowiredFieldElement.resolveFieldValue(AutowiredAnnotationBeanPostProcessor.java:785)
	at org.springframework.beans.factory.annotation.AutowiredAnnotationBeanPostProcessor$AutowiredFieldElement.inject(AutowiredAnnotationBeanPostProcessor.java:768)
	at org.springframework.beans.factory.annotation.InjectionMetadata.inject(InjectionMetadata.java:146)
	at org.springframework.beans.factory.annotation.AutowiredAnnotationBeanPostProcessor.postProcessProperties(AutowiredAnnotationBeanPostProcessor.java:509)
	... 22 common frames omitted
